<?xml version="1.0" encoding="UTF-8"?>
<testng-results ignored="0" total="1" passed="1" failed="0" skipped="0">
  <reporter-output>
  </reporter-output>
  <suite started-at="2024-12-20T11:57:41 IST" name="Default suite" finished-at="2024-12-20T11:57:48 IST" duration-ms="7570">
    <groups>
    </groups>
    <test started-at="2024-12-20T11:57:41 IST" name="Default test" finished-at="2024-12-20T11:57:48 IST" duration-ms="7570">
      <class name="pageFactoryDesignPattern.LoginTestCase1">
        <test-method is-config="true" signature="launchBrowser()[pri:0, instance:pageFactoryDesignPattern.LoginTestCase1@9f116cc]" started-at="2024-12-20T11:57:41 IST" name="launchBrowser" finished-at="2024-12-20T11:57:47 IST" duration-ms="6236" status="PASS">
          <reporter-output>
          </reporter-output>
        </test-method> <!-- launchBrowser -->
        <test-method signature="login()[pri:0, instance:pageFactoryDesignPattern.LoginTestCase1@9f116cc]" started-at="2024-12-20T11:57:47 IST" name="login" finished-at="2024-12-20T11:57:48 IST" duration-ms="1070" status="PASS">
          <reporter-output>
          </reporter-output>
        </test-method> <!-- login -->
        <test-method is-config="true" signature="closeBrowser()[pri:0, instance:pageFactoryDesignPattern.LoginTestCase1@9f116cc]" started-at="2024-12-20T11:57:48 IST" name="closeBrowser" finished-at="2024-12-20T11:57:48 IST" duration-ms="196" status="PASS">
          <reporter-output>
          </reporter-output>
        </test-method> <!-- closeBrowser -->
      </class> <!-- pageFactoryDesignPattern.LoginTestCase1 -->
    </test> <!-- Default test -->
  </suite> <!-- Default suite -->
</testng-results>
